Determining if the pthread_create exist failed with the following output:
Change Dir: /home/nim/bebop_ws/build/bebop_description/CMakeFiles/CMakeTmp

Run Build Command:"/usr/bin/make" "cmTC_9a4c6/fast"
/usr/bin/make -f CMakeFiles/cmTC_9a4c6.dir/build.make CMakeFiles/cmTC_9a4c6.dir/build
make[1]: Entering directory '/home/nim/bebop_ws/build/bebop_description/CMakeFiles/CMakeTmp'
Building C object CMakeFiles/cmTC_9a4c6.dir/CheckSymbolExists.c.o
/usr/bin/cc     -o CMakeFiles/cmTC_9a4c6.dir/CheckSymbolExists.c.o   -c /home/nim/bebop_ws/build/bebop_description/CMakeFiles/CMakeTmp/CheckSymbolExists.c
Linking C executable cmTC_9a4c6
/usr/bin/cmake -E cmake_link_script CMakeFiles/cmTC_9a4c6.dir/link.txt --verbose=1
/usr/bin/cc       CMakeFiles/cmTC_9a4c6.dir/CheckSymbolExists.c.o  -o cmTC_9a4c6 -rdynamic 
CMakeFiles/cmTC_9a4c6.dir/CheckSymbolExists.c.o: In function `main':
CheckSymbolExists.c:(.text+0x16): undefined reference to `pthread_create'
collect2: error: ld returned 1 exit status
CMakeFiles/cmTC_9a4c6.dir/build.make:97: recipe for target 'cmTC_9a4c6' failed
make[1]: *** [cmTC_9a4c6] Error 1
make[1]: Leaving directory '/home/nim/bebop_ws/build/bebop_description/CMakeFiles/CMakeTmp'
Makefile:126: recipe for target 'cmTC_9a4c6/fast' failed
make: *** [cmTC_9a4c6/fast] Error 2

File /home/nim/bebop_ws/build/bebop_description/CMakeFiles/CMakeTmp/CheckSymbolExists.c:
/* */
#include <pthread.h>

int main(int argc, char** argv)
{
  (void)argv;
#ifndef pthread_create
  return ((int*)(&pthread_create))[argc];
#else
  (void)argc;
  return 0;
#endif
}

Determining if the function pthread_create exists in the pthreads failed with the following output:
Change Dir: /home/nim/bebop_ws/build/bebop_description/CMakeFiles/CMakeTmp

Run Build Command:"/usr/bin/make" "cmTC_056bb/fast"
/usr/bin/make -f CMakeFiles/cmTC_056bb.dir/build.make CMakeFiles/cmTC_056bb.dir/build
make[1]: Entering directory '/home/nim/bebop_ws/build/bebop_description/CMakeFiles/CMakeTmp'
Building C object CMakeFiles/cmTC_056bb.dir/CheckFunctionExists.c.o
/usr/bin/cc    -DCHECK_FUNCTION_EXISTS=pthread_create   -o CMakeFiles/cmTC_056bb.dir/CheckFunctionExists.c.o   -c /usr/share/cmake-3.5/Modules/CheckFunctionExists.c
Linking C executable cmTC_056bb
/usr/bin/cmake -E cmake_link_script CMakeFiles/cmTC_056bb.dir/link.txt --verbose=1
/usr/bin/cc   -DCHECK_FUNCTION_EXISTS=pthread_create    CMakeFiles/cmTC_056bb.dir/CheckFunctionExists.c.o  -o cmTC_056bb -rdynamic -lpthreads 
/usr/bin/ld: cannot find -lpthreads
collect2: error: ld returned 1 exit status
CMakeFiles/cmTC_056bb.dir/build.make:97: recipe for target 'cmTC_056bb' failed
make[1]: *** [cmTC_056bb] Error 1
make[1]: Leaving directory '/home/nim/bebop_ws/build/bebop_description/CMakeFiles/CMakeTmp'
Makefile:126: recipe for target 'cmTC_056bb/fast' failed
make: *** [cmTC_056bb/fast] Error 2


