Determining if the pthread_create exist failed with the following output:
Change Dir: /home/nim/bebop_ws/build/bebop_msgs/CMakeFiles/CMakeTmp

Run Build Command:"/usr/bin/make" "cmTC_17985/fast"
/usr/bin/make -f CMakeFiles/cmTC_17985.dir/build.make CMakeFiles/cmTC_17985.dir/build
make[1]: Entering directory '/home/nim/bebop_ws/build/bebop_msgs/CMakeFiles/CMakeTmp'
Building C object CMakeFiles/cmTC_17985.dir/CheckSymbolExists.c.o
/usr/bin/cc     -o CMakeFiles/cmTC_17985.dir/CheckSymbolExists.c.o   -c /home/nim/bebop_ws/build/bebop_msgs/CMakeFiles/CMakeTmp/CheckSymbolExists.c
Linking C executable cmTC_17985
/usr/bin/cmake -E cmake_link_script CMakeFiles/cmTC_17985.dir/link.txt --verbose=1
/usr/bin/cc       CMakeFiles/cmTC_17985.dir/CheckSymbolExists.c.o  -o cmTC_17985 -rdynamic 
CMakeFiles/cmTC_17985.dir/CheckSymbolExists.c.o: In function `main':
CheckSymbolExists.c:(.text+0x16): undefined reference to `pthread_create'
collect2: error: ld returned 1 exit status
CMakeFiles/cmTC_17985.dir/build.make:97: recipe for target 'cmTC_17985' failed
make[1]: *** [cmTC_17985] Error 1
make[1]: Leaving directory '/home/nim/bebop_ws/build/bebop_msgs/CMakeFiles/CMakeTmp'
Makefile:126: recipe for target 'cmTC_17985/fast' failed
make: *** [cmTC_17985/fast] Error 2

File /home/nim/bebop_ws/build/bebop_msgs/CMakeFiles/CMakeTmp/CheckSymbolExists.c:
/* */
#include <pthread.h>

int main(int argc, char** argv)
{
  (void)argv;
#ifndef pthread_create
  return ((int*)(&pthread_create))[argc];
#else
  (void)argc;
  return 0;
#endif
}

Determining if the function pthread_create exists in the pthreads failed with the following output:
Change Dir: /home/nim/bebop_ws/build/bebop_msgs/CMakeFiles/CMakeTmp

Run Build Command:"/usr/bin/make" "cmTC_f69e0/fast"
/usr/bin/make -f CMakeFiles/cmTC_f69e0.dir/build.make CMakeFiles/cmTC_f69e0.dir/build
make[1]: Entering directory '/home/nim/bebop_ws/build/bebop_msgs/CMakeFiles/CMakeTmp'
Building C object CMakeFiles/cmTC_f69e0.dir/CheckFunctionExists.c.o
/usr/bin/cc    -DCHECK_FUNCTION_EXISTS=pthread_create   -o CMakeFiles/cmTC_f69e0.dir/CheckFunctionExists.c.o   -c /usr/share/cmake-3.5/Modules/CheckFunctionExists.c
Linking C executable cmTC_f69e0
/usr/bin/cmake -E cmake_link_script CMakeFiles/cmTC_f69e0.dir/link.txt --verbose=1
/usr/bin/cc   -DCHECK_FUNCTION_EXISTS=pthread_create    CMakeFiles/cmTC_f69e0.dir/CheckFunctionExists.c.o  -o cmTC_f69e0 -rdynamic -lpthreads 
/usr/bin/ld: cannot find -lpthreads
collect2: error: ld returned 1 exit status
CMakeFiles/cmTC_f69e0.dir/build.make:97: recipe for target 'cmTC_f69e0' failed
make[1]: *** [cmTC_f69e0] Error 1
make[1]: Leaving directory '/home/nim/bebop_ws/build/bebop_msgs/CMakeFiles/CMakeTmp'
Makefile:126: recipe for target 'cmTC_f69e0/fast' failed
make: *** [cmTC_f69e0/fast] Error 2


