[36m--[0m Using CATKIN_DEVEL_PREFIX: /home/nim/bebop_ws/devel/.private/bebop_driver
[36m--[0m Using CMAKE_PREFIX_PATH: /home/nim/bebop_ws/devel;/home/nim/catkin_ws/devel;/opt/ros/kinetic
[36m--[0m This workspace overlays: /home/nim/bebop_ws/devel;/home/nim/catkin_ws/devel;/opt/ros/kinetic
[36m--[0m Using PYTHON_EXECUTABLE: /usr/bin/python
[36m--[0m Using Debian Python package layout
[36m--[0m Using empy: /usr/bin/empy
[36m--[0m Using CATKIN_ENABLE_TESTING: ON
[36m--[0m Call enable_testing()
[36m--[0m Using CATKIN_TEST_RESULTS_DIR: /home/nim/bebop_ws/build/bebop_driver/test_results
[36m--[0m Found gmock sources under '/usr/src/gmock': gmock will be built
[36m--[0m Found gtest sources under '/usr/src/gmock': gtests will be built
[36m--[0m Using Python nosetests: /usr/bin/nosetests-2.7
[36m--[0m catkin 0.7.18
[36m--[0m BUILD_SHARED_LIBS is on
[36m--[0m Using these message generators: gencpp;geneus;genlisp;gennodejs;genpy
[36m--[0m Catkin INCLUE_DIR: /home/nim/bebop_ws/devel/.private/bebop_msgs/include;/opt/ros/kinetic/include;/opt/ros/kinetic/share/xmlrpcpp/cmake/../../../include/xmlrpcpp;/usr/include;/usr/include/eigen3
[36m--[0m Catkin LIBS: /opt/ros/kinetic/lib/libnodeletlib.so;/usr/lib/x86_64-linux-gnu/libuuid.so;/opt/ros/kinetic/lib/libbondcpp.so;/opt/ros/kinetic/lib/libcamera_info_manager.so;/opt/ros/kinetic/lib/libcamera_calibration_parsers.so;/opt/ros/kinetic/lib/libimage_transport.so;/usr/lib/x86_64-linux-gnu/libtinyxml2.so;/opt/ros/kinetic/lib/libclass_loader.so;/usr/lib/libPocoFoundation.so;/usr/lib/x86_64-linux-gnu/libdl.so;/opt/ros/kinetic/lib/libroslib.so;/opt/ros/kinetic/lib/librospack.so;/usr/lib/x86_64-linux-gnu/libpython2.7.so;/usr/lib/x86_64-linux-gnu/libboost_program_options.so;/usr/lib/x86_64-linux-gnu/libtinyxml.so;/opt/ros/kinetic/lib/liborocos-kdl.so;/opt/ros/kinetic/lib/liborocos-kdl.so.1.3.0;/opt/ros/kinetic/lib/libtf2_ros.so;/opt/ros/kinetic/lib/libactionlib.so;/opt/ros/kinetic/lib/libmessage_filters.so;/opt/ros/kinetic/lib/libroscpp.so;/usr/lib/x86_64-linux-gnu/libboost_filesystem.so;/usr/lib/x86_64-linux-gnu/libboost_signals.so;/opt/ros/kinetic/lib/librosconsole.so;/opt/ros/kinetic/lib/librosconsole_log4cxx.so;/opt/ros/kinetic/lib/librosconsole_backend_interface.so;/usr/lib/x86_64-linux-gnu/liblog4cxx.so;/usr/lib/x86_64-linux-gnu/libboost_regex.so;/opt/ros/kinetic/lib/libxmlrpcpp.so;/opt/ros/kinetic/lib/libtf2.so;/opt/ros/kinetic/lib/libdynamic_reconfigure_config_init_mutex.so;/opt/ros/kinetic/lib/libroscpp_serialization.so;/opt/ros/kinetic/lib/librostime.so;/opt/ros/kinetic/lib/libcpp_common.so;/usr/lib/x86_64-linux-gnu/libboost_system.so;/usr/lib/x86_64-linux-gnu/libboost_thread.so;/usr/lib/x86_64-linux-gnu/libboost_chrono.so;/usr/lib/x86_64-linux-gnu/libboost_date_time.so;/usr/lib/x86_64-linux-gnu/libboost_atomic.so;/usr/lib/x86_64-linux-gnu/libpthread.so;/usr/lib/x86_64-linux-gnu/libconsole_bridge.so
[36m--[0m ARSDK3 INCLUDE_DIR: /opt/ros/kinetic/include/parrot_arsdk
[36m--[0m ARSDK3 LIB_DIR: /opt/ros/kinetic/lib/parrot_arsdk
[36m--[0m ARSDK3 LIBS: arcommands;arcontroller;ardatatransfer;ardiscovery;armavlink;armedia;arnetworkal;arnetwork;arsal;arstream2;arstream;arupdater;arutils
[33m[1mCMake Warning[0m at /opt/ros/kinetic/share/catkin/cmake/catkin_package.cmake:166 (message):
  catkin_package() DEPENDS on 'system_lib' but neither
  'system_lib_INCLUDE_DIRS' nor 'system_lib_LIBRARIES' is defined.
[36mCall Stack (most recent call first):[0m
  /opt/ros/kinetic/share/catkin/cmake/catkin_package.cmake:102 (_catkin_package)
  CMakeLists.txt:40 (catkin_package)


[33m[1mCMake Warning[0m at /opt/ros/kinetic/share/catkin/cmake/catkin_package.cmake:166 (message):
  catkin_package() DEPENDS on 'libavcodec' but neither
  'libavcodec_INCLUDE_DIRS' nor 'libavcodec_LIBRARIES' is defined.
[36mCall Stack (most recent call first):[0m
  /opt/ros/kinetic/share/catkin/cmake/catkin_package.cmake:102 (_catkin_package)
  CMakeLists.txt:40 (catkin_package)


[33m[1mCMake Warning[0m at /opt/ros/kinetic/share/catkin/cmake/catkin_package.cmake:166 (message):
  catkin_package() DEPENDS on 'libavformat' but neither
  'libavformat_INCLUDE_DIRS' nor 'libavformat_LIBRARIES' is defined.
[36mCall Stack (most recent call first):[0m
  /opt/ros/kinetic/share/catkin/cmake/catkin_package.cmake:102 (_catkin_package)
  CMakeLists.txt:40 (catkin_package)


[33m[1mCMake Warning[0m at /opt/ros/kinetic/share/catkin/cmake/catkin_package.cmake:166 (message):
  catkin_package() DEPENDS on 'libswscale' but neither
  'libswscale_INCLUDE_DIRS' nor 'libswscale_LIBRARIES' is defined.
[36mCall Stack (most recent call first):[0m
  /opt/ros/kinetic/share/catkin/cmake/catkin_package.cmake:102 (_catkin_package)
  CMakeLists.txt:40 (catkin_package)


[36m--[0m Configuring done
[36m--[0m Generating done
[36m--[0m Build files have been written to: /home/nim/bebop_ws/build/bebop_driver
